<?xml version="1.0" encoding="UTF-8"?>
<!-- Generated by org.testng.reporters.JUnitReportReporter -->
<testsuite hostname="DESKTOP-RMSCL2B" failures="0" tests="1" name="com.crm.CreateOppertunityCampaignTest.CreateOpertuniycampaignTestPOM" time="105.575" errors="0" timestamp="2022-02-26T01:16:18 IST" skipped="0">
  <testcase classname="com.crm.CreateOppertunityCampaignTest.CreateOpertuniycampaignTestPOM" name="CreateOpertuniycampaignTest" time="105.575"/>
  <system-out/>
</testsuite> <!-- com.crm.CreateOppertunityCampaignTest.CreateOpertuniycampaignTestPOM -->
