<?xml version="1.0" encoding="UTF-8"?>
<!-- Generated by org.testng.reporters.JUnitReportReporter -->
<testsuite hostname="DESKTOP-RMSCL2B" failures="0" tests="1" name="com.crm.Practice.Calenderhandle" time="203.063" errors="0" timestamp="2022-03-09T14:54:42 IST" skipped="0">
  <testcase classname="com.crm.Practice.Calenderhandle" name="Calenderhandle" time="203.063"/>
  <system-out/>
</testsuite> <!-- com.crm.Practice.Calenderhandle -->
