<?xml version="1.0" encoding="UTF-8"?>
<!-- Generated by org.testng.reporters.JUnitReportReporter -->
<testsuite hostname="DESKTOP-RMSCL2B" failures="0" tests="1" name="com.crm.ContactsTests.CreateContactTest" time="60.183" errors="0" timestamp="2022-02-17T23:31:01 IST" skipped="0">
  <testcase classname="com.crm.ContactsTests.CreateContactTest" name="createOrgTest" time="60.183"/>
  <system-out/>
</testsuite> <!-- com.crm.ContactsTests.CreateContactTest -->
