<?xml version="1.0" encoding="UTF-8"?>
<!-- Generated by org.testng.reporters.JUnitReportReporter -->
<testsuite hostname="DESKTOP-RMSCL2B" failures="0" tests="1" name="com.crm.Practice.easemytripcurrentdate" time="30.617" errors="0" timestamp="2022-03-10T10:49:33 IST" skipped="0">
  <testcase classname="com.crm.Practice.easemytripcurrentdate" name="currentdate" time="30.617"/>
  <system-out/>
</testsuite> <!-- com.crm.Practice.easemytripcurrentdate -->
