<?xml version="1.0" encoding="UTF-8"?>
<!-- Generated by org.testng.reporters.JUnitReportReporter -->
<testsuite hostname="DESKTOP-RMSCL2B" failures="0" tests="1" name="com.crm.CreateOppertunityCampaignTest.CreateOpertuniyTypeLeadcampaignTestPOM2Baseclass" time="65.753" errors="0" timestamp="2022-03-01T15:41:16 IST" skipped="0">
  <testcase classname="com.crm.CreateOppertunityCampaignTest.CreateOpertuniyTypeLeadcampaignTestPOM2Baseclass" name="CreateOpertuniycampaignTest" time="65.753"/>
  <system-out/>
</testsuite> <!-- com.crm.CreateOppertunityCampaignTest.CreateOpertuniyTypeLeadcampaignTestPOM2Baseclass -->
