<?xml version="1.0" encoding="UTF-8"?>
<!-- Generated by org.testng.reporters.JUnitReportReporter -->
<testsuite hostname="DESKTOP-RMSCL2B" failures="0" tests="1" name="com.crm.organization.createorganizationandpropertyfile" time="88.441" errors="0" timestamp="2022-02-17T10:16:39 IST" skipped="0">
  <testcase classname="com.crm.organization.createorganizationandpropertyfile" name="createOrgTest" time="88.441"/>
  <system-out/>
</testsuite> <!-- com.crm.organization.createorganizationandpropertyfile -->
