<?xml version="1.0" encoding="UTF-8"?>
<!-- Generated by org.testng.reporters.JUnitReportReporter -->
<testsuite hostname="DESKTOP-RMSCL2B" failures="0" tests="1" name="com.crm.CreateOppertunityCampaignTest.CreateOpertuniycampaignTestPOM2withBaseclass" time="48.726" errors="0" timestamp="2022-03-01T15:42:44 IST" skipped="0">
  <testcase classname="com.crm.CreateOppertunityCampaignTest.CreateOpertuniycampaignTestPOM2withBaseclass" name="CreateOpertuniycampaignTest" time="48.726"/>
  <system-out>
    <![CDATA[[ CON77 ] Infosys_141 - Contact Information======Created and verified succesfully=======
======NOt Created and NOt verified succesfully=======]]>
  </system-out>
</testsuite> <!-- com.crm.CreateOppertunityCampaignTest.CreateOpertuniycampaignTestPOM2withBaseclass -->
