<?xml version="1.0" encoding="UTF-8"?>
<!-- Generated by org.testng.reporters.JUnitReportReporter -->
<testsuite hostname="DESKTOP-RMSCL2B" failures="0" tests="10" name="com.crm.ContactsTests.CreateContactWithMultipleData" time="291.572" errors="0" timestamp="2022-03-01T08:53:23 IST" skipped="0">
  <testcase classname="com.crm.ContactsTests.CreateContactWithMultipleData" name="CreateContactWithMultipleData" time="28.904"/>
  <system-out>
    <![CDATA[login successful
navigated to contact link
click on create contact link]]>
  </system-out>
  <testcase classname="com.crm.ContactsTests.CreateContactWithMultipleData" name="CreateContactWithMultipleData" time="26.795"/>
  <system-out>
    <![CDATA[login successful
navigated to contact link
click on create contact link]]>
  </system-out>
  <testcase classname="com.crm.ContactsTests.CreateContactWithMultipleData" name="CreateContactWithMultipleData" time="26.783"/>
  <system-out>
    <![CDATA[login successful
navigated to contact link
click on create contact link]]>
  </system-out>
  <testcase classname="com.crm.ContactsTests.CreateContactWithMultipleData" name="CreateContactWithMultipleData" time="30.301"/>
  <system-out>
    <![CDATA[login successful
navigated to contact link
click on create contact link]]>
  </system-out>
  <testcase classname="com.crm.ContactsTests.CreateContactWithMultipleData" name="CreateContactWithMultipleData" time="30.008"/>
  <system-out>
    <![CDATA[login successful
navigated to contact link
click on create contact link]]>
  </system-out>
  <testcase classname="com.crm.ContactsTests.CreateContactWithMultipleData" name="CreateContactWithMultipleData" time="33.639"/>
  <system-out>
    <![CDATA[login successful
navigated to contact link
click on create contact link]]>
  </system-out>
  <testcase classname="com.crm.ContactsTests.CreateContactWithMultipleData" name="CreateContactWithMultipleData" time="29.833"/>
  <system-out>
    <![CDATA[login successful
navigated to contact link
click on create contact link]]>
  </system-out>
  <testcase classname="com.crm.ContactsTests.CreateContactWithMultipleData" name="CreateContactWithMultipleData" time="30.620"/>
  <system-out>
    <![CDATA[login successful
navigated to contact link
click on create contact link]]>
  </system-out>
  <testcase classname="com.crm.ContactsTests.CreateContactWithMultipleData" name="CreateContactWithMultipleData" time="25.125"/>
  <system-out>
    <![CDATA[login successful
navigated to contact link
click on create contact link]]>
  </system-out>
  <testcase classname="com.crm.ContactsTests.CreateContactWithMultipleData" name="CreateContactWithMultipleData" time="29.564"/>
  <system-out>
    <![CDATA[login successful
navigated to contact link
click on create contact link]]>
  </system-out>
</testsuite> <!-- com.crm.ContactsTests.CreateContactWithMultipleData -->
