<?xml version="1.0" encoding="UTF-8"?>
<!-- Generated by org.testng.reporters.JUnitReportReporter -->
<testsuite hostname="DESKTOP-RMSCL2B" failures="0" tests="1" name="com.crm.CreateOrganizationContactTest.CreateContactWithOrganizationWithUtitlity" time="52.595" errors="0" timestamp="2022-02-22T16:51:42 IST" skipped="0">
  <testcase classname="com.crm.CreateOrganizationContactTest.CreateContactWithOrganizationWithUtitlity" name="CreateContactWithOrganizationWithUtitlity" time="52.595"/>
  <system-out/>
</testsuite> <!-- com.crm.CreateOrganizationContactTest.CreateContactWithOrganizationWithUtitlity -->
