<?xml version="1.0" encoding="UTF-8"?>
<!-- Generated by org.testng.reporters.JUnitReportReporter -->
<testsuite hostname="DESKTOP-RMSCL2B" failures="0" tests="1" name="com.crm.OrganizationTests.CreateCampaignProductTest" time="83.166" errors="0" timestamp="2022-02-18T15:33:59 IST" skipped="0">
  <testcase classname="com.crm.OrganizationTests.CreateCampaignProductTest" name="createContactWithOrgTest" time="83.166"/>
  <system-out/>
</testsuite> <!-- com.crm.OrganizationTests.CreateCampaignProductTest -->
