<?xml version="1.0" encoding="UTF-8"?>
<!-- Generated by org.testng.reporters.JUnitReportReporter -->
<testsuite hostname="DESKTOP-RMSCL2B" failures="0" tests="1" name="com.crm.ContactsTests.CreateContactWiithOrganizationTest" time="62.432" errors="0" timestamp="2022-02-18T10:43:15 IST" skipped="0">
  <testcase classname="com.crm.ContactsTests.CreateContactWiithOrganizationTest" name="createcontactOrgTest" time="62.432"/>
  <system-out/>
</testsuite> <!-- com.crm.ContactsTests.CreateContactWiithOrganizationTest -->
