<?xml version="1.0" encoding="UTF-8"?>
<!-- Generated by org.testng.reporters.JUnitReportReporter -->
<testsuite hostname="DESKTOP-RMSCL2B" failures="0" tests="1" name="com.crm.organization.cowp" time="0.016" errors="0" timestamp="2022-02-17T10:11:10 IST" skipped="0">
  <testcase classname="com.crm.organization.cowp" name="propertyFile" time="0.016"/>
  <system-out/>
</testsuite> <!-- com.crm.organization.cowp -->
