<?xml version="1.0" encoding="UTF-8"?>
<!-- Generated by org.testng.reporters.JUnitReportReporter -->
<testsuite hostname="DESKTOP-RMSCL2B" failures="0" tests="1" name="com.crm.CreateOppertunityCampaignTest.CreateOpertuniyTypeLeadcampaignTestPOM" time="63.643" errors="0" timestamp="2022-02-26T10:59:48 IST" skipped="0">
  <testcase classname="com.crm.CreateOppertunityCampaignTest.CreateOpertuniyTypeLeadcampaignTestPOM" name="CreateOpertuniycampaignTest" time="63.643"/>
  <system-out/>
</testsuite> <!-- com.crm.CreateOppertunityCampaignTest.CreateOpertuniyTypeLeadcampaignTestPOM -->
