<?xml version="1.0" encoding="UTF-8"?>
<!-- Generated by org.testng.reporters.JUnitReportReporter -->
<testsuite hostname="DESKTOP-RMSCL2B" failures="0" tests="1" name="com.crm.ContactsTests.CreateContactWithUtilityTest" time="70.383" errors="0" timestamp="2022-02-22T16:40:06 IST" skipped="0">
  <testcase classname="com.crm.ContactsTests.CreateContactWithUtilityTest" name="CreateContactWithUtilityTest" time="70.383"/>
  <system-out/>
</testsuite> <!-- com.crm.ContactsTests.CreateContactWithUtilityTest -->
