<?xml version="1.0" encoding="UTF-8"?>
<!-- Generated by org.testng.reporters.JUnitReportReporter -->
<testsuite hostname="DESKTOP-RMSCL2B" failures="0" tests="1" name="com.crm.Practice.ReadDataFromXMlfileTest" time="0.011" errors="0" timestamp="2022-02-17T15:21:56 IST" skipped="0">
  <testcase classname="com.crm.Practice.ReadDataFromXMlfileTest" name="readDataFromXML" time="0.011"/>
  <system-out/>
</testsuite> <!-- com.crm.Practice.ReadDataFromXMlfileTest -->
