<?xml version="1.0" encoding="UTF-8"?>
<!-- Generated by org.testng.reporters.JUnitReportReporter -->
<testsuite hostname="DESKTOP-RMSCL2B" failures="0" tests="1" name="com.crm.Practice.WriteDataintoExcelSheetTest" time="1.083" errors="0" timestamp="2022-02-17T16:24:40 IST" skipped="0">
  <testcase classname="com.crm.Practice.WriteDataintoExcelSheetTest" name="Readdatafromexcelfile" time="1.083"/>
  <system-out/>
</testsuite> <!-- com.crm.Practice.WriteDataintoExcelSheetTest -->
