<?xml version="1.0" encoding="UTF-8"?>
<!-- Generated by org.testng.reporters.JUnitReportReporter -->
<testsuite hostname="DESKTOP-RMSCL2B" failures="0" tests="1" name="com.crm.CreatePurchaseOrderWithVendorTest.CreatePurchaseOrderWithVendorName1Test" time="74.322" errors="0" timestamp="2022-02-23T23:19:59 IST" skipped="0">
  <testcase classname="com.crm.CreatePurchaseOrderWithVendorTest.CreatePurchaseOrderWithVendorName1Test" name="CreateCamapignWithProductWithUtility" time="74.322"/>
  <system-out/>
</testsuite> <!-- com.crm.CreatePurchaseOrderWithVendorTest.CreatePurchaseOrderWithVendorName1Test -->
