<?xml version="1.0" encoding="UTF-8"?>
<!-- Generated by org.testng.reporters.JUnitReportReporter -->
<testsuite hostname="DESKTOP-RMSCL2B" failures="0" tests="1" name="com.crm.OrganizationTests.CreateOrgWithutilityPOM" time="48.414" errors="0" timestamp="2022-02-25T22:05:51 IST" skipped="0">
  <testcase classname="com.crm.OrganizationTests.CreateOrgWithutilityPOM" name="CreateOrgWithutility" time="48.414"/>
  <system-out/>
</testsuite> <!-- com.crm.OrganizationTests.CreateOrgWithutilityPOM -->
