<?xml version="1.0" encoding="UTF-8"?>
<!-- Generated by org.testng.reporters.JUnitReportReporter -->
<testsuite hostname="DESKTOP-RMSCL2B" failures="0" tests="1" name="com.crm.Practice.ReadDataFromExcelTest" time="1.015" errors="0" timestamp="2022-02-17T16:18:08 IST" skipped="0">
  <testcase classname="com.crm.Practice.ReadDataFromExcelTest" name="Readdatafromexcelfile" time="1.015"/>
  <system-out/>
</testsuite> <!-- com.crm.Practice.ReadDataFromExcelTest -->
