<?xml version="1.0" encoding="UTF-8"?>
<!-- Generated by org.testng.reporters.JUnitReportReporter -->
<testsuite hostname="DESKTOP-RMSCL2B" failures="0" tests="1" name="com.crm.Practice.readdatafromcommand" time="0.009" errors="0" timestamp="2022-02-17T13:12:31 IST" skipped="0">
  <testcase classname="com.crm.Practice.readdatafromcommand" name="readdatafromcommandline" time="0.009"/>
  <system-out/>
</testsuite> <!-- com.crm.Practice.readdatafromcommand -->
