<?xml version="1.0" encoding="UTF-8"?>
<!-- Generated by org.testng.reporters.JUnitReportReporter -->
<testsuite hostname="DESKTOP-RMSCL2B" failures="0" tests="1" name="com.crm.AllModulesWithUtility.CreateContactWithUtilityTest" time="35.236" errors="0" timestamp="2022-02-23T21:15:59 IST" skipped="0">
  <testcase classname="com.crm.AllModulesWithUtility.CreateContactWithUtilityTest" name="CreateContactWithUtilityTest" time="35.236"/>
  <system-out/>
</testsuite> <!-- com.crm.AllModulesWithUtility.CreateContactWithUtilityTest -->
