<?xml version="1.0" encoding="UTF-8"?>
<!-- Generated by org.testng.reporters.JUnitReportReporter -->
<testsuite hostname="DESKTOP-RMSCL2B" failures="0" tests="1" name="com.crm.AllModulesWithUtility.CreateCamapignWithProductWithUtility" time="71.330" errors="0" timestamp="2022-02-24T00:14:52 IST" skipped="0">
  <testcase classname="com.crm.AllModulesWithUtility.CreateCamapignWithProductWithUtility" name="CreateCamapignWithProductWithUtility" time="71.330"/>
  <system-out/>
</testsuite> <!-- com.crm.AllModulesWithUtility.CreateCamapignWithProductWithUtility -->
