<?xml version="1.0" encoding="UTF-8"?>
<!-- Generated by org.testng.reporters.JUnitReportReporter -->
<testsuite hostname="DESKTOP-RMSCL2B" failures="0" tests="1" name="com.crm.CreateProductCamapignTest.CreateCamapignWithProductWithUtilityPOM" time="51.136" errors="0" timestamp="2022-02-26T11:05:09 IST" skipped="0">
  <testcase classname="com.crm.CreateProductCamapignTest.CreateCamapignWithProductWithUtilityPOM" name="CreateCamapignWithProductWithUtility" time="51.136"/>
  <system-out/>
</testsuite> <!-- com.crm.CreateProductCamapignTest.CreateCamapignWithProductWithUtilityPOM -->
