<?xml version="1.0" encoding="UTF-8"?>
<!-- Generated by org.testng.reporters.JUnitReportReporter -->
<testsuite hostname="DESKTOP-RMSCL2B" failures="0" tests="1" name="com.crm.CreatePurchaseOrderWithVendorTest.CreatePurchaseOrderWithVendorNameTest" time="39.171" errors="0" timestamp="2022-02-20T12:50:42 IST" skipped="0">
  <testcase classname="com.crm.CreatePurchaseOrderWithVendorTest.CreatePurchaseOrderWithVendorNameTest" name="CreatePurchaseorderTest" time="39.171"/>
  <system-out/>
</testsuite> <!-- com.crm.CreatePurchaseOrderWithVendorTest.CreatePurchaseOrderWithVendorNameTest -->
