<?xml version="1.0" encoding="UTF-8"?>
<!-- Generated by org.testng.reporters.JUnitReportReporter -->
<testsuite hostname="DESKTOP-RMSCL2B" failures="0" tests="7" name="com.crm.OrganizationTests.CreateOrgWithMultipleDataWithTypeTest" time="203.112" errors="0" timestamp="2022-03-01T08:47:41 IST" skipped="0">
  <testcase classname="com.crm.OrganizationTests.CreateOrgWithMultipleDataWithTypeTest" name="createOrgWithMltipleData" time="39.197"/>
  <system-out>
    <![CDATA[login successful
navigated to org link
click on create org link
create org with insustry type
verification successful]]>
  </system-out>
  <testcase classname="com.crm.OrganizationTests.CreateOrgWithMultipleDataWithTypeTest" name="createOrgWithMltipleData" time="33.642"/>
  <system-out>
    <![CDATA[login successful
navigated to org link
click on create org link
create org with insustry type
verification successful]]>
  </system-out>
  <testcase classname="com.crm.OrganizationTests.CreateOrgWithMultipleDataWithTypeTest" name="createOrgWithMltipleData" time="26.483"/>
  <system-out>
    <![CDATA[login successful
navigated to org link
click on create org link
create org with insustry type
verification successful]]>
  </system-out>
  <testcase classname="com.crm.OrganizationTests.CreateOrgWithMultipleDataWithTypeTest" name="createOrgWithMltipleData" time="27.427"/>
  <system-out>
    <![CDATA[login successful
navigated to org link
click on create org link
create org with insustry type
verification successful]]>
  </system-out>
  <testcase classname="com.crm.OrganizationTests.CreateOrgWithMultipleDataWithTypeTest" name="createOrgWithMltipleData" time="25.517"/>
  <system-out>
    <![CDATA[login successful
navigated to org link
click on create org link
create org with insustry type
verification successful]]>
  </system-out>
  <testcase classname="com.crm.OrganizationTests.CreateOrgWithMultipleDataWithTypeTest" name="createOrgWithMltipleData" time="27.027"/>
  <system-out>
    <![CDATA[login successful
navigated to org link
click on create org link
create org with insustry type
verification successful]]>
  </system-out>
  <testcase classname="com.crm.OrganizationTests.CreateOrgWithMultipleDataWithTypeTest" name="createOrgWithMltipleData" time="23.819"/>
  <system-out>
    <![CDATA[login successful
navigated to org link
click on create org link
create org with insustry type
verification successful]]>
  </system-out>
</testsuite> <!-- com.crm.OrganizationTests.CreateOrgWithMultipleDataWithTypeTest -->
