<?xml version="1.0" encoding="UTF-8"?>
<!-- Generated by org.testng.reporters.JUnitReportReporter -->
<testsuite hostname="DESKTOP-RMSCL2B" failures="0" tests="1" name="com.crm.CreateProductsPage.CreateProductWithCategoryandVendor" time="73.520" errors="0" timestamp="2022-02-26T12:33:18 IST" skipped="0">
  <testcase classname="com.crm.CreateProductsPage.CreateProductWithCategoryandVendor" name="CreateProductWithCategoryandVendor" time="73.520"/>
  <system-out/>
</testsuite> <!-- com.crm.CreateProductsPage.CreateProductWithCategoryandVendor -->
