<?xml version="1.0" encoding="UTF-8"?>
<!-- Generated by org.testng.reporters.JUnitReportReporter -->
<testsuite hostname="DESKTOP-RMSCL2B" failures="0" tests="1" name="com.crm.organization.createorganizationtestwithpropertyfiletest" time="0.018" errors="0" timestamp="2022-02-17T10:14:42 IST" skipped="0">
  <testcase classname="com.crm.organization.createorganizationtestwithpropertyfiletest" name="propertyFile" time="0.018"/>
  <system-out/>
</testsuite> <!-- com.crm.organization.createorganizationtestwithpropertyfiletest -->
