<?xml version="1.0" encoding="UTF-8"?>
<!-- Generated by org.testng.reporters.JUnitReportReporter -->
<testsuite hostname="DESKTOP-RMSCL2B" failures="0" tests="1" name="com.crm.Practice.readdatafromcommandTest" time="0.015" errors="0" timestamp="2022-02-17T15:00:51 IST" skipped="0">
  <testcase classname="com.crm.Practice.readdatafromcommandTest" name="readdatafromcommandline" time="0.015"/>
  <system-out/>
</testsuite> <!-- com.crm.Practice.readdatafromcommandTest -->
