<?xml version="1.0" encoding="UTF-8"?>
<!-- Generated by org.testng.reporters.JUnitReportReporter -->
<testsuite hostname="DESKTOP-RMSCL2B" failures="0" tests="1" name="com.crm.Practice.easymytrip" time="114.095" errors="0" timestamp="2022-03-09T15:25:47 IST" skipped="0">
  <testcase classname="com.crm.Practice.easymytrip" name="easemytrip" time="114.095"/>
  <system-out/>
</testsuite> <!-- com.crm.Practice.easymytrip -->
