<?xml version="1.0" encoding="UTF-8"?>
<!-- Generated by org.testng.reporters.JUnitReportReporter -->
<testsuite hostname="DESKTOP-RMSCL2B" failures="0" tests="1" name="com.crm.CreateCamapignTest.CreateCamapignWithProductWithAdvertisementUtilityPOM2" time="209.303" errors="0" timestamp="2022-03-03T21:28:36 IST" skipped="0">
  <testcase classname="com.crm.CreateCamapignTest.CreateCamapignWithProductWithAdvertisementUtilityPOM2" name="CreateCamapignWithProductWithUtility" time="209.303"/>
  <system-out>
    <![CDATA[CreateCamapignWithProductWithUtility--- testscript execution started
CreateCamapignWithProductWithUtility--- testscript execution sucessfull - PASS]]>
  </system-out>
</testsuite> <!-- com.crm.CreateCamapignTest.CreateCamapignWithProductWithAdvertisementUtilityPOM2 -->
