<?xml version="1.0" encoding="UTF-8"?>
<!-- Generated by org.testng.reporters.JUnitReportReporter -->
<testsuite hostname="DESKTOP-RMSCL2B" failures="0" tests="4" name="com.crm.Practice.DataProviderConcept" time="0.015" errors="0" timestamp="2022-02-28T15:36:43 IST" skipped="0">
  <testcase classname="com.crm.Practice.DataProviderConcept" name="sampleDataProvider" time="0.002"/>
  <system-out/>
  <testcase classname="com.crm.Practice.DataProviderConcept" name="sampleDataProvider" time="0.001"/>
  <system-out/>
  <testcase classname="com.crm.Practice.DataProviderConcept" name="sampleDataProvider" time="0.010"/>
  <system-out/>
  <testcase classname="com.crm.Practice.DataProviderConcept" name="sampleDataProvider" time="0.002"/>
  <system-out/>
</testsuite> <!-- com.crm.Practice.DataProviderConcept -->
