<?xml version="1.0" encoding="UTF-8"?>
<!-- Generated by org.testng.reporters.JUnitReportReporter -->
<testsuite hostname="DESKTOP-RMSCL2B" failures="0" tests="1" name="com.crm.Practice.PracticeForGenericUtils" time="0.043" errors="0" timestamp="2022-02-21T13:38:07 IST" skipped="0">
  <testcase classname="com.crm.Practice.PracticeForGenericUtils" name="practice" time="0.043"/>
  <system-out/>
</testsuite> <!-- com.crm.Practice.PracticeForGenericUtils -->
