<?xml version="1.0" encoding="UTF-8"?>
<!-- Generated by org.testng.reporters.JUnitReportReporter -->
<testsuite hostname="DESKTOP-RMSCL2B" failures="0" tests="1" name="com.crm.CreateOppertunityCampaignTest.CreateOpertuniycampaignTest" time="50.640" errors="0" timestamp="2022-02-23T09:56:24 IST" skipped="0">
  <testcase classname="com.crm.CreateOppertunityCampaignTest.CreateOpertuniycampaignTest" name="CreateOpertuniycampaignTest" time="50.640"/>
  <system-out/>
</testsuite> <!-- com.crm.CreateOppertunityCampaignTest.CreateOpertuniycampaignTest -->
