<?xml version="1.0" encoding="UTF-8"?>
<!-- Generated by org.testng.reporters.JUnitReportReporter -->
<testsuite hostname="DESKTOP-RMSCL2B" failures="0" tests="1" name="com.crm.CreatePurchaseOrderWithVendorTest.CreatePurchaseorderTest" time="60.014" errors="0" timestamp="2022-02-23T23:32:48 IST" skipped="0">
  <testcase classname="com.crm.CreatePurchaseOrderWithVendorTest.CreatePurchaseorderTest" name="CreateCamapignWithProductWithUtility" time="60.014"/>
  <system-out/>
</testsuite> <!-- com.crm.CreatePurchaseOrderWithVendorTest.CreatePurchaseorderTest -->
