<?xml version="1.0" encoding="UTF-8"?>
<!-- Generated by org.testng.reporters.JUnitReportReporter -->
<testsuite hostname="DESKTOP-RMSCL2B" failures="0" tests="1" name="com.crm.CreatePurchaseOrderWithVendorTestusingUTILITY.CreatePurchaseOrderWithVendorNameTest2POM" time="55.422" errors="0" timestamp="2022-02-28T10:40:10 IST" skipped="0">
  <testcase classname="com.crm.CreatePurchaseOrderWithVendorTestusingUTILITY.CreatePurchaseOrderWithVendorNameTest2POM" name="CreatePurchaseOrderWithVendorNameTest" time="55.422"/>
  <system-out/>
</testsuite> <!-- com.crm.CreatePurchaseOrderWithVendorTestusingUTILITY.CreatePurchaseOrderWithVendorNameTest2POM -->
