<?xml version="1.0" encoding="UTF-8"?>
<!-- Generated by org.testng.reporters.JUnitReportReporter -->
<testsuite hostname="DESKTOP-RMSCL2B" failures="0" tests="1" name="com.crm.ContactsTests.CreateContactWithOrganizationLeadSrcUtilityTestPOM" time="98.794" errors="0" timestamp="2022-02-25T23:04:02 IST" skipped="0">
  <testcase classname="com.crm.ContactsTests.CreateContactWithOrganizationLeadSrcUtilityTestPOM" name="CreateContactWithUtilityTest" time="98.794"/>
  <system-out/>
</testsuite> <!-- com.crm.ContactsTests.CreateContactWithOrganizationLeadSrcUtilityTestPOM -->
