<?xml version="1.0" encoding="UTF-8"?>
<!-- Generated by org.testng.reporters.JUnitReportReporter -->
<testsuite hostname="DESKTOP-RMSCL2B" failures="0" tests="1" name="com.crm.OrganizationTests.CreateOrgWithutility" time="105.524" errors="0" timestamp="2022-02-22T16:28:55 IST" skipped="0">
  <testcase classname="com.crm.OrganizationTests.CreateOrgWithutility" name="CreateOrgWithutility" time="105.524"/>
  <system-out/>
</testsuite> <!-- com.crm.OrganizationTests.CreateOrgWithutility -->
