<?xml version="1.0" encoding="UTF-8"?>
<!-- Generated by org.testng.reporters.JUnitReportReporter -->
<testsuite hostname="DESKTOP-RMSCL2B" failures="0" tests="1" name="com.crm.purchaseorderTests.CreatePurchaseOrderWithVendorNameTest2POM" time="83.154" errors="0" timestamp="2022-02-28T10:55:59 IST" skipped="0">
  <testcase classname="com.crm.purchaseorderTests.CreatePurchaseOrderWithVendorNameTest2POM" name="CreatePurchaseOrderWithVendorNameTest" time="83.154"/>
  <system-out/>
</testsuite> <!-- com.crm.purchaseorderTests.CreatePurchaseOrderWithVendorNameTest2POM -->
