<?xml version="1.0" encoding="UTF-8"?>
<!-- Generated by org.testng.reporters.JUnitReportReporter -->
<testsuite hostname="DESKTOP-RMSCL2B" failures="0" tests="1" name="com.crm.Practice.POMPracticeForLogin" time="47.621" errors="0" timestamp="2022-02-23T16:32:19 IST" skipped="0">
  <testcase classname="com.crm.Practice.POMPracticeForLogin" name="pomPractice" time="47.621"/>
  <system-out/>
</testsuite> <!-- com.crm.Practice.POMPracticeForLogin -->
