<?xml version="1.0" encoding="UTF-8"?>
<!-- Generated by org.testng.reporters.JUnitReportReporter -->
<testsuite hostname="DESKTOP-RMSCL2B" failures="0" tests="1" name="com.crm.OrganizationTests.CreateOrgwithPOM" time="27.982" errors="0" timestamp="2022-02-25T22:04:10 IST" skipped="0">
  <testcase classname="com.crm.OrganizationTests.CreateOrgwithPOM" name="CreateOrgWithutility" time="27.982"/>
  <system-out/>
</testsuite> <!-- com.crm.OrganizationTests.CreateOrgwithPOM -->
