<?xml version="1.0" encoding="UTF-8"?>
<!-- Generated by org.testng.reporters.JUnitReportReporter -->
<testsuite hostname="DESKTOP-RMSCL2B" failures="0" tests="1" name="com.crm.Practice.PracticeRetryAnalyser" time="0.014" errors="0" timestamp="2022-03-04T12:16:01 IST" skipped="0">
  <testcase classname="com.crm.Practice.PracticeRetryAnalyser" name="PracticeRetry" time="0.014"/>
  <system-out/>
</testsuite> <!-- com.crm.Practice.PracticeRetryAnalyser -->
