<?xml version="1.0" encoding="UTF-8"?>
<!-- Generated by org.testng.reporters.JUnitReportReporter -->
<testsuite hostname="DESKTOP-RMSCL2B" failures="0" tests="1" name="com.crm.ContactsTests.CreateContactWithUtilityPOM2withBaseclass" time="83.819" errors="0" timestamp="2022-03-17T10:44:50 IST" skipped="0">
  <testcase classname="com.crm.ContactsTests.CreateContactWithUtilityPOM2withBaseclass" name="CreateContactWithUtilityTest" time="83.819"/>
  <system-out/>
</testsuite> <!-- com.crm.ContactsTests.CreateContactWithUtilityPOM2withBaseclass -->
