<?xml version="1.0" encoding="UTF-8"?>
<!-- Generated by org.testng.reporters.JUnitReportReporter -->
<testsuite hostname="DESKTOP-RMSCL2B" failures="0" tests="1" name="com.crm.ContactsTests.CreateContactWithOrganizationUtilityTestPOM" time="73.480" errors="0" timestamp="2022-02-25T22:37:36 IST" skipped="0">
  <testcase classname="com.crm.ContactsTests.CreateContactWithOrganizationUtilityTestPOM" name="CreateContactWithUtilityTest" time="73.480"/>
  <system-out/>
</testsuite> <!-- com.crm.ContactsTests.CreateContactWithOrganizationUtilityTestPOM -->
