<?xml version="1.0" encoding="UTF-8"?>
<!-- Generated by org.testng.reporters.JUnitReportReporter -->
<testsuite hostname="DESKTOP-RMSCL2B" failures="0" tests="1" name="com.crm.CreatePurchaseOrderWithVendorTest.CreatePurchaseOrderWithItemTest" time="52.538" errors="0" timestamp="2022-02-20T12:48:00 IST" skipped="0">
  <testcase classname="com.crm.CreatePurchaseOrderWithVendorTest.CreatePurchaseOrderWithItemTest" name="CreatePurchaseOrderWithItemTest" time="52.538"/>
  <system-out/>
</testsuite> <!-- com.crm.CreatePurchaseOrderWithVendorTest.CreatePurchaseOrderWithItemTest -->
