<?xml version="1.0" encoding="UTF-8"?>
<!-- Generated by org.testng.reporters.JUnitReportReporter -->
<testsuite hostname="DESKTOP-RMSCL2B" failures="0" tests="1" name="com.crm.CreatePurchaseOrderWithVendorTestusingUTILITY.CreatePurchaseOrderWithItemTest" time="55.940" errors="0" timestamp="2022-02-23T23:59:35 IST" skipped="0">
  <testcase classname="com.crm.CreatePurchaseOrderWithVendorTestusingUTILITY.CreatePurchaseOrderWithItemTest" name="CreatePurchaseorderWithItemandAddProduct" time="55.940"/>
  <system-out/>
</testsuite> <!-- com.crm.CreatePurchaseOrderWithVendorTestusingUTILITY.CreatePurchaseOrderWithItemTest -->
