<?xml version="1.0" encoding="UTF-8"?>
<!-- Generated by org.testng.reporters.JUnitReportReporter -->
<testsuite hostname="DESKTOP-RMSCL2B" failures="0" tests="1" name="com.crm.OrganizationTests.CreateOrganizationWithIndustryUtilityPOM" time="43.666" errors="0" timestamp="2022-03-01T15:14:12 IST" skipped="0">
  <testcase classname="com.crm.OrganizationTests.CreateOrganizationWithIndustryUtilityPOM" name="CreateOrganizationWithIndustryUtility" time="43.666"/>
  <system-out/>
</testsuite> <!-- com.crm.OrganizationTests.CreateOrganizationWithIndustryUtilityPOM -->
