<?xml version="1.0" encoding="UTF-8"?>
<!-- Generated by org.testng.reporters.JUnitReportReporter -->
<testsuite hostname="DESKTOP-RMSCL2B" failures="0" tests="1" name="com.crm.CreatePurchaseOrderWithVendorTest.CreatePurchaseorderWithItemandAddProduct" time="33.873" errors="0" timestamp="2022-02-20T12:46:53 IST" skipped="0">
  <testcase classname="com.crm.CreatePurchaseOrderWithVendorTest.CreatePurchaseorderWithItemandAddProduct" name="CreatePurchaseorderWithItemandAddProduct" time="33.873"/>
  <system-out/>
</testsuite> <!-- com.crm.CreatePurchaseOrderWithVendorTest.CreatePurchaseorderWithItemandAddProduct -->
