<?xml version="1.0" encoding="UTF-8"?>
<!-- Generated by org.testng.reporters.JUnitReportReporter -->
<testsuite hostname="DESKTOP-RMSCL2B" failures="0" tests="3" name="com.crm.OrganizationTests.CreateOrgwithPOMwithBaseClassregionalregression" time="37.180" errors="0" timestamp="2022-03-02T13:44:32 IST" skipped="0">
  <testcase classname="com.crm.OrganizationTests.CreateOrgwithPOMwithBaseClassregionalregression" name="testScript1" time="9.880"/>
  <system-out/>
  <testcase classname="com.crm.OrganizationTests.CreateOrgwithPOMwithBaseClassregionalregression" name="testScript3" time="3.984"/>
  <system-out/>
  <testcase classname="com.crm.OrganizationTests.CreateOrgwithPOMwithBaseClassregionalregression" name="CreateOrgWithutility" time="23.316"/>
  <system-out>
    <![CDATA[======Created and verified succesfully: Only Org=======]]>
  </system-out>
</testsuite> <!-- com.crm.OrganizationTests.CreateOrgwithPOMwithBaseClassregionalregression -->
