<?xml version="1.0" encoding="UTF-8"?>
<!-- Generated by org.testng.reporters.JUnitReportReporter -->
<testsuite hostname="DESKTOP-RMSCL2B" failures="0" tests="6" name="com.crm.Practice.Dataprovider1" time="0.028" errors="0" timestamp="2022-02-28T15:45:28 IST" skipped="0">
  <testcase classname="com.crm.Practice.Dataprovider1" name="sampleDataProvider" time="0.003"/>
  <system-out/>
  <testcase classname="com.crm.Practice.Dataprovider1" name="sampleDataProvider" time="0.002"/>
  <system-out/>
  <testcase classname="com.crm.Practice.Dataprovider1" name="sampleDataProvider" time="0.007"/>
  <system-out/>
  <testcase classname="com.crm.Practice.Dataprovider1" name="sampleDataProvider" time="0.004"/>
  <system-out/>
  <testcase classname="com.crm.Practice.Dataprovider1" name="sampleDataProvider" time="0.010"/>
  <system-out/>
  <testcase classname="com.crm.Practice.Dataprovider1" name="sampleDataProvider" time="0.002"/>
  <system-out/>
</testsuite> <!-- com.crm.Practice.Dataprovider1 -->
