<?xml version="1.0" encoding="UTF-8"?>
<!-- Generated by org.testng.reporters.JUnitReportReporter -->
<testsuite hostname="DESKTOP-RMSCL2B" failures="0" tests="1" name="com.crm.AllModulesWithUtility.CreateContactWithOrganizationWithUtitlity" time="70.870" errors="0" timestamp="2022-02-23T21:15:13 IST" skipped="0">
  <testcase classname="com.crm.AllModulesWithUtility.CreateContactWithOrganizationWithUtitlity" name="CreateContactWithOrganizationWithUtitlity" time="70.870"/>
  <system-out/>
</testsuite> <!-- com.crm.AllModulesWithUtility.CreateContactWithOrganizationWithUtitlity -->
