<?xml version="1.0" encoding="UTF-8"?>
<!-- Generated by org.testng.reporters.JUnitReportReporter -->
<testsuite hostname="DESKTOP-RMSCL2B" failures="0" tests="1" name="com.crm.Practice.DtaverificationDB" time="5.637" errors="0" timestamp="2022-02-16T21:55:11 IST" skipped="0">
  <testcase classname="com.crm.Practice.DtaverificationDB" name="DtaverificationDB" time="5.637"/>
  <system-out/>
</testsuite> <!-- com.crm.Practice.DtaverificationDB -->
