<?xml version="1.0" encoding="UTF-8"?>
<!-- Generated by org.testng.reporters.JUnitReportReporter -->
<testsuite hostname="DESKTOP-RMSCL2B" failures="0" tests="1" name="com.crm.ContactsTests.CreateContactWithUtilityPOM" time="63.348" errors="0" timestamp="2022-02-25T22:23:31 IST" skipped="0">
  <testcase classname="com.crm.ContactsTests.CreateContactWithUtilityPOM" name="CreateContactWithUtilityTest" time="63.348"/>
  <system-out/>
</testsuite> <!-- com.crm.ContactsTests.CreateContactWithUtilityPOM -->
