<?xml version="1.0" encoding="UTF-8"?>
<!-- Generated by org.testng.reporters.JUnitReportReporter -->
<testsuite hostname="DESKTOP-RMSCL2B" failures="0" tests="1" name="com.crm.organization.createorganizationtest" time="55.047" errors="0" timestamp="2022-02-16T21:46:50 IST" skipped="0">
  <testcase classname="com.crm.organization.createorganizationtest" name="createOrganizationTest" time="55.047"/>
  <system-out/>
</testsuite> <!-- com.crm.organization.createorganizationtest -->
