<?xml version="1.0" encoding="UTF-8"?>
<!-- Generated by org.testng.reporters.JUnitReportReporter -->
<testsuite hostname="DESKTOP-RMSCL2B" failures="0" tests="1" name="com.crm.ContactsTests.CreateContactWithOrganizationLeadSrcUtilityTestPOM2withBaseclass" time="130.134" errors="0" timestamp="2022-03-16T17:03:38 IST" skipped="0">
  <testcase classname="com.crm.ContactsTests.CreateContactWithOrganizationLeadSrcUtilityTestPOM2withBaseclass" name="CreateContactWithUtilityTest" time="130.134"/>
  <system-out/>
</testsuite> <!-- com.crm.ContactsTests.CreateContactWithOrganizationLeadSrcUtilityTestPOM2withBaseclass -->
